{"CreateTime":"2024-05-09T18:07:31.3863254+08:00","Category":"TempModbusNet.Service.TemperatureService","Level":"Information","Content":"烤箱:OVEN09关闭，温度:20.2"}
{"CreateTime":"2024-05-09T18:07:31.4049021+08:00","Category":"TempModbusNet.Service.TemperatureService","Level":"Information","Content":"烤箱:OVEN01-02关闭，温度:49.6"}
{"CreateTime":"2024-05-09T18:07:31.4069532+08:00","Category":"TempModbusNet.Service.TemperatureService","Level":"Information","Content":"烤箱:OVEN09关闭，温度:20.2"}
{"CreateTime":"2024-05-09T18:07:31.4254307+08:00","Category":"TempModbusNet.Service.TemperatureService","Level":"Information","Content":"烤箱:OVEN01-02关闭，温度:49.6"}
{"CreateTime":"2024-05-09T18:07:31.4280788+08:00","Category":"TempModbusNet.Service.TemperatureService","Level":"Error","Content":"数据交互异常：An error occurred while writing to logger(s). (The process cannot access the file 'E:\\VS2019\\Projects\\TempModbusNet\\TempModbusNet\\bin\\Debug\\net6.0\\Logs\\20240509.log' because it is being used by another process.)\n   at Microsoft.Extensions.Logging.Logger.ThrowLoggingError(List`1 exceptions)\r\n   at Microsoft.Extensions.Logging.Logger.Log[TState](LogLevel logLevel, EventId eventId, TState state, Exception exception, Func`3 formatter)\r\n   at Microsoft.Extensions.Logging.LoggerExtensions.Log(ILogger logger, LogLevel logLevel, EventId eventId, Exception exception, String message, Object[] args)\r\n   at Microsoft.Extensions.Logging.LoggerExtensions.LogInformation(ILogger logger, String message, Object[] args)\r\n   at TempModbusNet.Helper.TemplateDataExchange.ReceiveTemperatureData(UInt16[] tempDatas, UInt16[] bakeDatas) in E:\\VS2019\\Projects\\TempModbusNet\\TempModbusNet\\Helper\\TemplateDataExchange.cs:line 141"}
{"CreateTime":"2024-05-09T18:07:41.3858067+08:00","Category":"TempModbusNet.Service.TemperatureService","Level":"Information","Content":"烤箱:OVEN09关闭，温度:20.2"}
{"CreateTime":"2024-05-09T18:07:41.387346+08:00","Category":"TempModbusNet.Service.TemperatureService","Level":"Information","Content":"烤箱:OVEN01-02关闭，温度:49.6"}
{"CreateTime":"2024-05-09T18:07:51.3862502+08:00","Category":"TempModbusNet.Service.TemperatureService","Level":"Information","Content":"烤箱:OVEN09关闭，温度:20.2"}
{"CreateTime":"2024-05-09T18:07:51.3878749+08:00","Category":"TempModbusNet.Service.TemperatureService","Level":"Information","Content":"烤箱:OVEN01-02关闭，温度:49.6"}
{"CreateTime":"2024-05-09T18:08:01.388563+08:00","Category":"TempModbusNet.Service.TemperatureService","Level":"Information","Content":"烤箱:OVEN09关闭，温度:20.2"}
{"CreateTime":"2024-05-09T18:08:01.3900428+08:00","Category":"TempModbusNet.Service.TemperatureService","Level":"Information","Content":"烤箱门:OVEN09关闭，上传温度数据中，BatchID=5FAD4E6F-5DF1-4A9C-ADF4-28494643C64A, DateTime=:2024-05-09 18:08:01.389, TemperatureValue=20.2"}
{"CreateTime":"2024-05-09T18:08:01.3914882+08:00","Category":"TempModbusNet.Service.TemperatureService","Level":"Information","Content":"UploadTemplateData Begin：/api/RunCardOverNew/SaveRunCardOverBakeList?postData={\"BatchID\":\"5FAD4E6F-5DF1-4A9C-ADF4-28494643C64A\",\"TemperatureValue\":20.2,\"UploadTime\":\"2024-05-09 18:08:01\",\"WorkState\":1}"}
{"CreateTime":"2024-05-09T18:08:01.4162046+08:00","Category":"System.Net.Http.HttpClient.RetryClient.LogicalHandler","Level":"Information","Content":"Start processing HTTP request GET http://192.168.13.12:92/api/RunCardOverNew/SaveRunCardOverBakeList?postData=%7B%22BatchID%22:%225FAD4E6F-5DF1-4A9C-ADF4-28494643C64A%22,%22TemperatureValue%22:20.2,%22UploadTime%22:%222024-05-09%2018:08:01%22,%22WorkState%22:1%7D"}
{"CreateTime":"2024-05-09T18:08:01.4176314+08:00","Category":"System.Net.Http.HttpClient.RetryClient.ClientHandler","Level":"Information","Content":"Sending HTTP request GET http://192.168.13.12:92/api/RunCardOverNew/SaveRunCardOverBakeList?postData=%7B%22BatchID%22:%225FAD4E6F-5DF1-4A9C-ADF4-28494643C64A%22,%22TemperatureValue%22:20.2,%22UploadTime%22:%222024-05-09%2018:08:01%22,%22WorkState%22:1%7D"}
{"CreateTime":"2024-05-09T18:08:01.4206805+08:00","Category":"TempModbusNet.Service.TemperatureService","Level":"Information","Content":"烤箱:OVEN01-02关闭，温度:49.6"}
{"CreateTime":"2024-05-09T18:08:01.4256311+08:00","Category":"TempModbusNet.Service.TemperatureService","Level":"Information","Content":"烤箱门:OVEN01-02关闭，上传温度数据中，BatchID=85270A4A-202F-4C84-8676-49FF381BB006, DateTime=:2024-05-09 18:08:01.423, TemperatureValue=49.6"}
{"CreateTime":"2024-05-09T18:08:01.4272869+08:00","Category":"TempModbusNet.Service.TemperatureService","Level":"Information","Content":"UploadTemplateData Begin：/api/RunCardOverNew/SaveRunCardOverBakeList?postData={\"BatchID\":\"85270A4A-202F-4C84-8676-49FF381BB006\",\"TemperatureValue\":49.6,\"UploadTime\":\"2024-05-09 18:08:01\",\"WorkState\":1}"}
{"CreateTime":"2024-05-09T18:08:01.4505579+08:00","Category":"System.Net.Http.HttpClient.RetryClient.LogicalHandler","Level":"Information","Content":"Start processing HTTP request GET http://192.168.13.12:92/api/RunCardOverNew/SaveRunCardOverBakeList?postData=%7B%22BatchID%22:%2285270A4A-202F-4C84-8676-49FF381BB006%22,%22TemperatureValue%22:49.6,%22UploadTime%22:%222024-05-09%2018:08:01%22,%22WorkState%22:1%7D"}
{"CreateTime":"2024-05-09T18:08:01.4519869+08:00","Category":"System.Net.Http.HttpClient.RetryClient.ClientHandler","Level":"Information","Content":"Received HTTP response headers after 32.7433ms - 200"}
{"CreateTime":"2024-05-09T18:08:01.4550849+08:00","Category":"System.Net.Http.HttpClient.RetryClient.ClientHandler","Level":"Information","Content":"Sending HTTP request GET http://192.168.13.12:92/api/RunCardOverNew/SaveRunCardOverBakeList?postData=%7B%22BatchID%22:%2285270A4A-202F-4C84-8676-49FF381BB006%22,%22TemperatureValue%22:49.6,%22UploadTime%22:%222024-05-09%2018:08:01%22,%22WorkState%22:1%7D"}
{"CreateTime":"2024-05-09T18:08:01.4564062+08:00","Category":"System.Net.Http.HttpClient.RetryClient.LogicalHandler","Level":"Information","Content":"End processing HTTP request after 63.3807ms - 200"}
{"CreateTime":"2024-05-09T18:08:01.458891+08:00","Category":"TempModbusNet.Service.TemperatureService","Level":"Information","Content":"UploadTemplateData End：{\"state\":1,\"message\":\"OK\",\"data\":null}"}
{"CreateTime":"2024-05-09T18:08:01.5405749+08:00","Category":"System.Net.Http.HttpClient.RetryClient.ClientHandler","Level":"Information","Content":"Received HTTP response headers after 82.8205ms - 200"}
{"CreateTime":"2024-05-09T18:08:01.5422408+08:00","Category":"System.Net.Http.HttpClient.RetryClient.LogicalHandler","Level":"Information","Content":"End processing HTTP request after 113.5549ms - 200"}
{"CreateTime":"2024-05-09T18:08:01.5438269+08:00","Category":"TempModbusNet.Service.TemperatureService","Level":"Information","Content":"UploadTemplateData End：{\"state\":1,\"message\":\"OK\",\"data\":null}"}
{"CreateTime":"2024-05-09T18:08:03.2260691+08:00","Category":"Microsoft.Hosting.Lifetime","Level":"Information","Content":"Application is shutting down..."}
{"CreateTime":"2024-05-09T18:08:03.2338449+08:00","Category":"TempModbusNet.Service.TemperatureService","Level":"Information","Content":"StopAsync Service."}
